"../../../../../Users/Calculatorescu/Documents/Unreal Projects/Avioane/Content/Geometry/Meshes/CubeMaterial.uasset" 0
"../../../../../Users/Calculatorescu/Documents/Unreal Projects/Avioane/Content/Geometry/Meshes/1M_Cube.uasset" 1
"../../../../../Users/Calculatorescu/Documents/Unreal Projects/Avioane/Content/Geometry/Meshes/1M_Cube_Chamfer.uasset" 2
"../../../../../Users/Calculatorescu/Documents/Unreal Projects/Avioane/Content/Geometry/Meshes/TemplateFloor.uasset" 3
"../../../../../Users/Calculatorescu/Documents/Unreal Projects/Avioane/Content/Puzzle/Meshes/BaseMaterial.uasset" 4
"../../../../../Users/Calculatorescu/Documents/Unreal Projects/Avioane/Content/Puzzle/Meshes/BlueMaterial.uasset" 5
"../../../../../Users/Calculatorescu/Documents/Unreal Projects/Avioane/Content/Puzzle/Meshes/OrangeMaterial.uasset" 6
"../../../Engine/Content/Functions/Engine_MaterialFunctions01/Opacity/CameraDepthFade.uasset" 7
"../../../Engine/Content/EngineMaterials/T_Default_Material_Grid_M.uasset" 8
"../../../Engine/Content/EngineMaterials/T_Default_Material_Grid_N.uasset" 9
"../../../Engine/Content/EngineMaterials/WorldGridMaterial.uasset" 10
"../../../../../Users/Calculatorescu/Documents/Unreal Projects/Avioane/Content/Puzzle/Meshes/PuzzleCube.uasset" 11
"../../../Engine/Content/ArtTools/RenderToTexture/Meshes/S_1_Unit_Plane.uasset" 12
"../../../Engine/Content/EngineMaterials/DefaultMaterial.uasset" 13
"../../../Engine/Content/BasicShapes/Cone.uasset" 14
"../../../Engine/Content/BasicShapes/Cube.uasset" 15
"../../../Engine/Content/BasicShapes/Cylinder.uasset" 16
"../../../Engine/Content/BasicShapes/Plane.uasset" 17
"../../../Engine/Content/BasicShapes/Sphere.uasset" 18
"../../../Engine/Content/EngineMaterials/DefaultPhysicalMaterial.uasset" 19
"../../../Engine/Content/BufferVisualization/AmbientOcclusion.uasset" 20
"../../../Engine/Content/BufferVisualization/BaseColor.uasset" 21
"../../../Engine/Content/BufferVisualization/CustomDepth.uasset" 22
"../../../Engine/Content/Functions/Engine_MaterialFunctions02/Utility/VectorLength.uasset" 23
"../../../Engine/Content/BufferVisualization/CustomDepthWorldUnits.uasset" 24
"../../../Engine/Content/Functions/Engine_MaterialFunctions02/Utility/BreakOutFloat2Components.uasset" 25
"../../../Engine/Content/Functions/Engine_MaterialFunctions01/Texturing/ScaleUVsByCenter.uasset" 26
"../../../Engine/Content/Functions/Engine_MaterialFunctions02/ScreenResolution.uasset" 27
"../../../Engine/Content/Functions/Engine_MaterialFunctions02/Texturing/ScreenAlignedUVs.uasset" 28
"../../../Engine/Content/Functions/Engine_MaterialFunctions02/Utility/MakeFloat2.uasset" 29
"../../../Engine/Content/Functions/Engine_MaterialFunctions02/Utility/MakeFloat3.uasset" 30
"../../../Engine/Content/EngineMaterials/MiniFont.uasset" 31
"../../../Engine/Content/BufferVisualization/CustomStencil.uasset" 32
"../../../Engine/Content/BufferVisualization/FinalImage.uasset" 33
"../../../Engine/Content/BufferVisualization/LightingModel.uasset" 34
"../../../Engine/Content/BufferVisualization/MaterialAO.uasset" 35
"../../../Engine/Content/BufferVisualization/Metallic.uasset" 36
"../../../Engine/Content/BufferVisualization/Opacity.uasset" 37
"../../../Engine/Content/BufferVisualization/PostTonemapHDRColor.uasset" 38
"../../../Engine/Content/BufferVisualization/PreTonemapHDRColor.uasset" 39
"../../../Engine/Content/BufferVisualization/Roughness.uasset" 40
"../../../Engine/Content/BufferVisualization/SceneColor.uasset" 41
"../../../Engine/Content/BufferVisualization/SceneDepth.uasset" 42
"../../../Engine/Content/BufferVisualization/SceneDepthWorldUnits.uasset" 43
"../../../Engine/Content/BufferVisualization/SeparateTranslucencyA.uasset" 44
"../../../Engine/Content/BufferVisualization/SeparateTranslucencyRGB.uasset" 45
"../../../Engine/Content/BufferVisualization/Specular.uasset" 46
"../../../Engine/Content/BufferVisualization/SubsurfaceColor.uasset" 47
"../../../Engine/Content/BufferVisualization/WorldNormal.uasset" 48
"../../../Engine/Content/EditorLandscapeResources/DataLayer.uasset" 49
"../../../Engine/Content/EditorMaterials/GizmoMaterial.uasset" 50
"../../../Engine/Content/EditorMaterials/MAT_Groups_Toggle.uasset" 51
"../../../Engine/Content/EditorMaterials/MAT_Groups_Visibility.uasset" 52
"../../../Engine/Content/EditorMaterials/PreviewShadowIndicator.uasset" 53
"../../../Engine/Content/EditorMaterials/PreviewShadowIndicatorMaterial.uasset" 54
"../../../Engine/Content/EditorMaterials/MatineeGroups/MAT_ColorTrack.uasset" 55
"../../../Engine/Content/EditorMaterials/MatineeGroups/MAT_Groups_Anim.uasset" 56
"../../../Engine/Content/EditorMaterials/MatineeGroups/MAT_Groups_AudioMaster.uasset" 57
"../../../Engine/Content/EditorMaterials/MatineeGroups/MAT_Groups_Director.uasset" 58
"../../../Engine/Content/EditorMaterials/MatineeGroups/MAT_Groups_Event.uasset" 59
"../../../Engine/Content/EditorMaterials/MatineeGroups/MAT_Groups_Fade.uasset" 60
"../../../Engine/Content/EditorMaterials/MatineeGroups/MAT_Groups_Float.uasset" 61
"../../../Engine/Content/EditorMaterials/MatineeGroups/MAT_Groups_Move.uasset" 62
"../../../Engine/Content/EditorMaterials/MatineeGroups/MAT_Groups_Slomo.uasset" 63
"../../../Engine/Content/EditorMaterials/MatineeGroups/MAT_Groups_Sound.uasset" 64
"../../../Engine/Content/EditorMaterials/MatineeGroups/MAT_Groups_Vector.uasset" 65
"../../../Engine/Content/EditorMaterials/ParticleSystems/PSysThumbnail_NoImage.uasset" 66
"../../../Engine/Content/EditorMaterials/ParticleSystems/PSysThumbnail_OOD.uasset" 67
"../../../Engine/Content/EditorMaterials/Camera/CineMat.uasset" 68
"../../../Engine/Content/EditorMaterials/Camera/MI_CineMat_Rig.uasset" 69
"../../../Engine/Content/EditorMeshes/Camera/SM_CraneRig_Arm.uasset" 70
"../../../Engine/Content/EditorMeshes/Camera/SM_CraneRig_Base.uasset" 71
"../../../Engine/Content/EditorMeshes/Camera/SM_CraneRig_Body.uasset" 72
"../../../Engine/Content/EditorMeshes/Camera/SM_CraneRig_Mount.uasset" 73
"../../../Engine/Content/EditorMeshes/Camera/SM_RailRig_Mount.uasset" 74
"../../../Engine/Content/EditorMeshes/Camera/SM_RailRig_Track.uasset" 75
"../../../Engine/Content/EditorResources/BSPVertex.uasset" 76
"../../../Engine/Content/EditorResources/EmptyActor.uasset" 77
"../../../Engine/Content/EditorResources/S_Actor.uasset" 78
"../../../Engine/Content/EditorResources/S_Trigger.uasset" 79
"../../../Engine/Content/EditorResources/SequenceRecorder/Countdown.uasset" 80
"../../../Engine/Content/EditorResources/SequenceRecorder/RecordingIndicator.uasset" 81
"../../../Engine/Content/EditorSounds/Notifications/CompileFailed.uasset" 82
"../../../Engine/Content/EditorSounds/Notifications/CompileFailed_Cue.uasset" 83
"../../../Engine/Content/EditorSounds/Notifications/CompileSuccess.uasset" 84
"../../../Engine/Content/EditorSounds/Notifications/CompileStart_Cue.uasset" 85
"../../../Engine/Content/EditorSounds/Notifications/CompileSuccess_Cue.uasset" 86
"../../../Engine/Content/EngineDamageTypes/DmgTypeBP_Environmental.uasset" 87
"../../../Engine/Content/EngineDebugMaterials/HeatmapGradient.uasset" 88
"../../../Engine/Content/EngineDebugMaterials/BoneWeightMaterial.uasset" 89
"../../../Engine/Content/EngineDebugMaterials/ClothMaterial.uasset" 90
"../../../Engine/Content/EngineDebugMaterials/ClothMaterial_WF.uasset" 91
"../../../Engine/Content/EngineDebugMaterials/DebugEditorMaterial.uasset" 92
"../../../Engine/Content/EngineDebugMaterials/DebugMeshMaterial.uasset" 93
"../../../Engine/Content/EngineDebugMaterials/GeomMaterial.uasset" 94
"../../../Engine/Content/Functions/Engine_MaterialFunctions01/Shading/ConvertFromDiffSpec.uasset" 95
"../../../Engine/Content/EngineDebugMaterials/LevelColorationLitMaterial.uasset" 96
"../../../Engine/Content/EngineDebugMaterials/LevelColorationUnlitMaterial.uasset" 97
"../../../Engine/Content/EngineMaterials/DefaultWhiteGrid.uasset" 98
"../../../Engine/Content/EngineDebugMaterials/MAT_LevelColorationLitLightmapUV.uasset" 99
"../../../Engine/Content/EngineDebugMaterials/M_SimpleTranslucent.uasset" 100
"../../../Engine/Content/EngineDebugMaterials/ShadedLevelColorationLitMaterial.uasset" 101
"../../../Engine/Content/EngineDebugMaterials/ShadedLevelColorationUnlitMateri.uasset" 102
"../../../Engine/Content/EngineDebugMaterials/VertexColorMaterial.uasset" 103
"../../../Engine/Content/EngineDebugMaterials/VertexColorViewMode_AlphaAsColor.uasset" 104
"../../../Engine/Content/EngineDebugMaterials/VertexColorViewMode_BlueOnly.uasset" 105
"../../../Engine/Content/EngineDebugMaterials/VertexColorViewMode_ColorOnly.uasset" 106
"../../../Engine/Content/EngineDebugMaterials/VertexColorViewMode_GreenOnly.uasset" 107
"../../../Engine/Content/EngineDebugMaterials/VertexColorViewMode_RedOnly.uasset" 108
"../../../Engine/Content/EngineDebugMaterials/WireframeMaterial.uasset" 109
"../../../Engine/Content/EngineFonts/Faces/RobotoBold.uasset" 110
"../../../Engine/Content/EngineFonts/Faces/RobotoBoldItalic.uasset" 111
"../../../Engine/Content/EngineFonts/Faces/RobotoItalic.uasset" 112
"../../../Engine/Content/EngineFonts/Faces/RobotoLight.uasset" 113
"../../../Engine/Content/EngineFonts/Faces/RobotoRegular.uasset" 114
"../../../Engine/Content/EngineFonts/Roboto.uasset" 115
"../../../Engine/Content/EngineFonts/Faces/RobotoTiny.uasset" 116
"../../../Engine/Content/EngineFonts/RobotoTiny.uasset" 117
"../../../Engine/Content/EngineMaterials/BaseFlattenDiffuseMap.uasset" 118
"../../../Engine/Content/EngineMaterials/BaseFlattenEmissiveMap.uasset" 119
"../../../Engine/Content/EngineMaterials/BaseFlattenGrayscaleMap.uasset" 120
"../../../Engine/Content/EngineMaterials/BaseFlattenNormalMap.uasset" 121
"../../../Engine/Content/EngineMaterials/BaseFlattenMaterial.uasset" 122
"../../../Engine/Content/EngineMaterials/DefaultBloomKernel.uasset" 123
"../../../Engine/Content/EngineMaterials/DefaultBokeh.uasset" 124
"../../../Engine/Content/EngineMaterials/DefaultDiffuse.uasset" 125
"../../../Engine/Content/EngineMaterials/DefaultDeferredDecalMaterial.uasset" 126
"../../../Engine/Content/EngineMaterials/DefaultLightFunctionMaterial.uasset" 127
"../../../Engine/Content/EngineMaterials/DefaultPostProcessMaterial.uasset" 128
"../../../Engine/Content/EngineFonts/RobotoDistanceField.uasset" 129
"../../../Engine/Content/EngineMaterials/DefaultTextMaterialOpaque.uasset" 130
"../../../Engine/Content/EngineMaterials/EditorBrushMaterial.uasset" 131
"../../../Engine/Content/EngineMaterials/Good64x64TilingNoiseHighFreq.uasset" 132
"../../../Engine/Content/EngineMaterials/InvalidLightmapSettings.uasset" 133
"../../../Engine/Content/EngineMaterials/M_InvalidLightmapSettings.uasset" 134
"../../../Engine/Content/Functions/Engine_MaterialFunctions02/WorldPositionOffset/CameraOffset.uasset" 135
"../../../Engine/Content/EngineMaterials/PhAT_JointLimitMaterial.uasset" 136
"../../../Engine/Content/EngineMaterials/PreintegratedSkinBRDF.uasset" 137
"../../../Engine/Content/EngineMaterials/RemoveSurfaceMaterial.uasset" 138
"../../../Engine/Content/EngineMaterials/WeightMapPlaceholderTexture.uasset" 139
"../../../Engine/Content/EngineResources/WhiteSquareTexture.uasset" 140
"../../../Engine/Content/EngineMaterials/Widget3DPassThrough.uasset" 141
"../../../Engine/Content/EngineMaterials/Widget3DPassThrough_Masked.uasset" 142
"../../../Engine/Content/EngineMaterials/Widget3DPassThrough_Opaque.uasset" 143
"../../../Engine/Content/EngineMaterials/Widget3DPassThrough_Masked_OneSided.uasset" 144
"../../../Engine/Content/EngineMaterials/Widget3DPassThrough_Opaque_OneSided.uasset" 145
"../../../Engine/Content/EngineMaterials/Widget3DPassThrough_Translucent.uasset" 146
"../../../Engine/Content/EngineMaterials/Widget3DPassThrough_Translucent_OneSided.uasset" 147
"../../../Engine/Content/EngineMeshes/Cylinder.uasset" 148
"../../../Engine/Content/EngineMeshes/Sphere.uasset" 149
"../../../Engine/Content/EngineResources/Black.uasset" 150
"../../../Engine/Content/EngineResources/DefaultTexture.uasset" 151
"../../../Engine/Content/EngineResources/DefaultTextureCube.uasset" 152
"../../../Engine/Content/EngineResources/DefaultVolumeTexture2D.uasset" 153
"../../../Engine/Content/EngineResources/DefaultVolumeTexture.uasset" 154
"../../../Engine/Content/EngineResources/GradientTexture0.uasset" 155
"../../../Engine/Content/EngineSounds/Master.uasset" 156
"../../../Engine/Content/Functions/Engine_MaterialFunctions01/Shading/PowerToRoughness.uasset" 157
"../../../Engine/Content/Maps/Templates/Thumbnails/Default.uasset" 158
"../../../Engine/Content/Maps/Templates/Thumbnails/VR-Basic.uasset" 159
"../../../Engine/Content/MobileResources/T_MobileControls_texture.uasset" 160
"../../../Engine/Content/MobileResources/T_MobileMenu2.uasset" 161
"../../../Engine/Content/MobileResources/HUD/AnalogHat.uasset" 162
"../../../Engine/Content/MobileResources/HUD/VirtualJoystick_Background.uasset" 163
"../../../Engine/Content/MobileResources/HUD/VirtualJoystick_Thumb.uasset" 164
"../../../Engine/Content/MobileResources/HUD/DefaultVirtualJoysticks.uasset" 165
"../../../Engine/Content/MobileResources/HUD/LeftVirtualJoystickOnly.uasset" 166
"../../../Engine/Content/MobileResources/HUD/MobileHUDButton1_off.uasset" 167
"../../../Engine/Content/MobileResources/HUD/MobileHUDButton1_on.uasset" 168
"../../../Engine/Content/MobileResources/HUD/MobileHUDButton2_off.uasset" 169
"../../../Engine/Content/MobileResources/HUD/MobileHUDButton2_on.uasset" 170
"../../../Engine/Content/MobileResources/HUD/MobileHUDButton3.uasset" 171
"../../../Engine/Content/MobileResources/HUD/MobileHUDButtonFire.uasset" 172
"../../../Engine/Content/MobileResources/HUD/MobileHUDDirectionPad.uasset" 173
"../../../Engine/Content/MobileResources/HUD/MobileHUDDirectionPad2.uasset" 174
"../../../Engine/Content/MobileResources/HUD/MobileHUDDirectionPad3.uasset" 175
"../../../Engine/Content/MobileResources/HUD/MobileHUDDirectionStick.uasset" 176
"../../../Engine/Content/MobileResources/HUD/T_Castle_ThumbstickInner.uasset" 177
"../../../Engine/Content/MobileResources/HUD/T_Castle_ThumbstickOutter.uasset" 178
"../../../Engine/Content/Tutorial/ContentIntroCurve.uasset" 179
"../../../Engine/Content/Tutorial/Basics/TutorialAssets/icon_tab_Levels_40x.uasset" 180
"../../../Engine/Content/Tutorial/BlueprintTutorials/TutorialAssets/Blueprint_64x.uasset" 181
"../../../Engine/Content/VREditor/LaserPointer/VR_LaserPower_01.uasset" 182
"../../../Engine/Content/VREditor/TransformGizmo/TransformGizmoMaterial.uasset" 183
"../../../Engine/Content/VREditor/TransformGizmo/TranslucentTransformGizmoMaterial.uasset" 184
"../../../Engine/Content/VREditor/TransformGizmo/BoundingBoxCorner.uasset" 185
"../../../Engine/Content/VREditor/TransformGizmo/BoundingBoxEdge.uasset" 186
"../../../Engine/Content/VREditor/TransformGizmo/PlaneTranslationHandle.uasset" 187
"../../../Engine/Content/VREditor/TransformGizmo/Main.uasset" 188
"../../../Engine/Content/VREditor/TransformGizmo/Xray.uasset" 189
"../../../Engine/Content/VREditor/TransformGizmo/SM_Sequencer_Key.uasset" 190
"../../../Engine/Content/VREditor/TransformGizmo/SM_Sequencer_Node.uasset" 191
"../../Plugins/2D/Paper2D/Content/PlaceholderTextures/DummySpriteTexture.uasset" 192
"../../Plugins/2D/Paper2D/Content/DummySprite.uasset" 193
"../../Plugins/2D/Paper2D/Content/DefaultPaperTerrainMaterial.uasset" 194
"../../Plugins/2D/Paper2D/Content/DefaultSpriteMaterial.uasset" 195
"../../Plugins/2D/Paper2D/Content/MaskedUnlitSpriteMaterial.uasset" 196
"../../Plugins/2D/Paper2D/Content/OpaqueUnlitSpriteMaterial.uasset" 197
"../../Plugins/Runtime/Oculus/OculusVR/Content/Materials/PokeAHoleMaterial.uasset" 198
"../../Plugins/Runtime/Oculus/OculusVR/Content/Textures/GearVRController_AO.uasset" 199
"../../Plugins/Runtime/Oculus/OculusVR/Content/Textures/GearVRController_Color.uasset" 200
"../../Plugins/Runtime/Oculus/OculusVR/Content/Textures/GearVRController_Normal.uasset" 201
"../../Plugins/Runtime/Oculus/OculusVR/Content/Materials/GearVRControllerMaterial.uasset" 202
"../../Plugins/Runtime/Oculus/OculusVR/Content/Meshes/GearVrController.uasset" 203
"../../Plugins/Runtime/Oculus/OculusVR/Content/Textures/touchController_albedo.uasset" 204
"../../Plugins/Runtime/Oculus/OculusVR/Content/Textures/touchController_controlmap.uasset" 205
"../../Plugins/Runtime/Oculus/OculusVR/Content/Materials/touchController_mat.uasset" 206
"../../Plugins/Runtime/Oculus/OculusVR/Content/Meshes/LeftTouchController.uasset" 207
"../../Plugins/Runtime/Oculus/OculusVR/Content/Meshes/RiftHMD.uasset" 208
"../../Plugins/Runtime/Oculus/OculusVR/Content/Meshes/RightTouchController.uasset" 209
"../../../../../Users/Calculatorescu/Documents/Unreal Projects/Avioane/Content/PuzzleCPP/Maps/Meniu_BuiltData.uasset" 210
"../../../../../Users/Calculatorescu/Documents/Unreal Projects/Avioane/Content/Puzzle/Meshes/Meniu_Widget.uasset" 211
"../../../../../Users/Calculatorescu/Documents/Unreal Projects/Avioane/Content/PuzzleCPP/Maps/Meniu.umap" 212
"../../../Engine/Content/EditorBlueprintResources/StandardMacros.uasset" 213
"../../../Engine/Content/EngineSky/C_Sky_Cloud_Color.uasset" 214
"../../../Engine/Content/EngineSky/C_Sky_Horizon_Color.uasset" 215
"../../../Engine/Content/EngineSky/C_Sky_Zenith_Color.uasset" 216
"../../../Engine/Content/EngineSky/T_Sky_Blue.uasset" 217
"../../../Engine/Content/EngineSky/T_Sky_Clouds_M.uasset" 218
"../../../Engine/Content/EngineSky/T_Sky_Stars.uasset" 219
"../../../Engine/Content/EngineSky/M_Sky_Panning_Clouds2.uasset" 220
"../../../Engine/Content/EngineSky/SM_SkySphere.uasset" 221
"../../../Engine/Content/EngineSky/BP_Sky_Sphere.uasset" 222
"../../../../../Users/Calculatorescu/Documents/Unreal Projects/Avioane/Content/PuzzleCPP/Maps/Tabla_Joc_BuiltData.uasset" 223
"../../../../../Users/Calculatorescu/Documents/Unreal Projects/Avioane/Content/PuzzleCPP/Maps/Tabla_Joc.umap" 224
"../../../Engine/Content/Maps/Entry_BuiltData.uasset" 225
"../../../Engine/Content/Maps/Entry.umap" 226
